<?xml version="1.0" encoding="UTF-8"?>
<!-- Generated by org.testng.reporters.JUnitReportReporter -->
<testsuite hostname="AMOL" name="testsuite.google" tests="1" failures="0" timestamp="28 Dec 2015 20:07:21 GMT" time="36.877" errors="0">
  <testcase name="googleTest" time="36.877" classname="testsuite.google"/>
</testsuite> <!-- testsuite.google -->
