<?xml version="1.0" encoding="UTF-8"?>
<!-- Generated by org.testng.reporters.JUnitReportReporter -->
<testsuite hostname="AMOL" name="framework.keyworddrivenlogin" tests="1" failures="0" timestamp="2 Feb 2016 08:18:42 GMT" time="21.545" errors="0">
  <testcase name="Tset" time="21.545" classname="framework.keyworddrivenlogin"/>
</testsuite> <!-- framework.keyworddrivenlogin -->
