<?xml version="1.0" encoding="UTF-8"?>
<!-- Generated by org.testng.reporters.JUnitReportReporter -->
<testsuite hostname="AMOL" name="frameworkDatadrvnTest.excel3" tests="1" failures="0" timestamp="1 Feb 2016 19:32:16 GMT" time="37.473" errors="0">
  <testcase name="rrtest" time="37.473" classname="frameworkDatadrvnTest.excel3"/>
</testsuite> <!-- frameworkDatadrvnTest.excel3 -->
