<?xml version="1.0" encoding="UTF-8"?>
<!-- Generated by org.testng.reporters.JUnitReportReporter -->
<testsuite hostname="AMOL" name="frameworkDatadrvnTest.registrationwithdatadr" tests="1" failures="0" timestamp="2 Feb 2016 07:02:12 GMT" time="37.601" errors="0">
  <testcase name="test" time="37.601" classname="frameworkDatadrvnTest.registrationwithdatadr"/>
</testsuite> <!-- frameworkDatadrvnTest.registrationwithdatadr -->
