<?xml version="1.0" encoding="UTF-8"?>
<!-- Generated by org.testng.reporters.JUnitReportReporter -->
<testsuite hostname="AMOL" name="testsuite.gmail" tests="1" failures="0" timestamp="28 Dec 2015 20:07:21 GMT" time="21.570" errors="0">
  <testcase name="gmailTest" time="21.570" classname="testsuite.gmail"/>
</testsuite> <!-- testsuite.gmail -->
