<?xml version="1.0" encoding="UTF-8"?>
<!-- Generated by org.testng.reporters.JUnitReportReporter -->
<testsuite hostname="AMOL" name="framework.xcellinktest" tests="1" failures="0" timestamp="2 Jan 2016 11:04:05 GMT" time="47.569" errors="0">
  <testcase name="test" time="47.569" classname="framework.xcellinktest"/>
</testsuite> <!-- framework.xcellinktest -->
