<?xml version="1.0" encoding="UTF-8"?>
<!-- Generated by org.testng.reporters.JUnitReportReporter -->
<testsuite hostname="AMOL" name="frameworkDatadrvnTest.xcellinktest" tests="1" failures="0" timestamp="1 Feb 2016 19:15:33 GMT" time="100.340" errors="0">
  <testcase name="test" time="100.340" classname="frameworkDatadrvnTest.xcellinktest"/>
</testsuite> <!-- frameworkDatadrvnTest.xcellinktest -->
