<?xml version="1.0" encoding="UTF-8"?>
<!-- Generated by org.testng.reporters.JUnitReportReporter -->
<testsuite hostname="AMOL" name="framework.loginkeywoed2" tests="1" failures="0" timestamp="2 Feb 2016 09:01:50 GMT" time="29.498" errors="0">
  <testcase name="Login" time="29.498" classname="framework.loginkeywoed2"/>
</testsuite> <!-- framework.loginkeywoed2 -->
