<?xml version="1.0" encoding="UTF-8"?>
<!-- Generated by org.testng.reporters.JUnitReportReporter -->
<testsuite hostname="AMOL" name="frameworkDatadrvnTest.linkframework" tests="1" failures="0" timestamp="2 Feb 2016 06:44:17 GMT" time="78.160" errors="0">
  <testcase name="test" time="78.160" classname="frameworkDatadrvnTest.linkframework"/>
</testsuite> <!-- frameworkDatadrvnTest.linkframework -->
