<?xml version="1.0" encoding="UTF-8"?>
<!-- Generated by org.testng.reporters.JUnitReportReporter -->
<testsuite hostname="AMOL" name="framework.exceltest2" tests="1" failures="0" timestamp="5 Jan 2016 05:01:08 GMT" time="234.294" errors="0">
  <testcase name="rahulTest" time="234.294" classname="framework.exceltest2"/>
</testsuite> <!-- framework.exceltest2 -->
