<?xml version="1.0" encoding="UTF-8"?>
<!-- Generated by org.testng.reporters.JUnitReportReporter -->
<testsuite hostname="AMOL" name="framework.reflectkeyword" tests="1" failures="0" timestamp="2 Feb 2016 09:22:14 GMT" time="21.153" errors="0">
  <testcase name="reflectionlogintest" time="21.153" classname="framework.reflectkeyword"/>
</testsuite> <!-- framework.reflectkeyword -->
