<?xml version="1.0" encoding="UTF-8"?>
<!-- Generated by org.testng.reporters.JUnitReportReporter -->
<testsuite hostname="AMOL" name="testsuite.xtentreportgeneration" tests="1" failures="0" timestamp="30 Dec 2015 17:05:28 GMT" time="38.827" errors="0">
  <testcase name="xtenttest" time="38.827" classname="testsuite.xtentreportgeneration"/>
</testsuite> <!-- testsuite.xtentreportgeneration -->
